Arguments: 
  /Users/syed.yousuf/.nvm/versions/node/v10.14.2/bin/node /usr/local/Cellar/yarn/1.12.3/libexec/bin/yarn.js add pyspark

PATH: 
  /anaconda3/bin:/Users/syed.yousuf/.pyenv/shims:/Users/syed.yousuf/.pyenv/bin:/usr/local/opt/postgresql@9.6/bin:/Users/syed.yousuf/.nvm/versions/node/v10.14.2/bin:/Users/syed.yousuf/bin:/usr/local/bin:/usr/local/bin:/usr/bin:/bin:/usr/sbin:/sbin

Yarn version: 
  1.12.3

Node version: 
  10.14.2

Platform: 
  darwin x64

Trace: 
  Error: https://registry.yarnpkg.com/pyspark: Not found
      at Request.params.callback [as _callback] (/usr/local/Cellar/yarn/1.12.3/libexec/lib/cli.js:65894:18)
      at Request.self.callback (/usr/local/Cellar/yarn/1.12.3/libexec/lib/cli.js:129018:22)
      at Request.emit (events.js:182:13)
      at Request.<anonymous> (/usr/local/Cellar/yarn/1.12.3/libexec/lib/cli.js:129990:10)
      at Request.emit (events.js:182:13)
      at IncomingMessage.<anonymous> (/usr/local/Cellar/yarn/1.12.3/libexec/lib/cli.js:129912:12)
      at Object.onceWrapper (events.js:273:13)
      at IncomingMessage.emit (events.js:187:15)
      at endReadableNT (_stream_readable.js:1094:12)
      at process._tickCallback (internal/process/next_tick.js:63:19)

npm manifest: 
  {
    "dependencies": {
      "pandas": "^0.0.3"
    }
  }

yarn manifest: 
  No manifest

Lockfile: 
  # THIS IS AN AUTOGENERATED FILE. DO NOT EDIT THIS FILE DIRECTLY.
  # yarn lockfile v1
  
  
  pandas@^0.0.3:
    version "0.0.3"
    resolved "https://registry.yarnpkg.com/pandas/-/pandas-0.0.3.tgz#2a11b02074f0ffcc0729c73235572e5adbb0f1f7"
    integrity sha1-KhGwIHTw/8wHKccyNVcuWtuw8fc=
